<?xml version="1.0" encoding="UTF-8"?>
<!-- Generated by org.testng.reporters.JUnitReportReporter -->
<testsuite hostname="LAPTOP-BOQFLOCE" name="com.kotak.testcases.HomePageTest" tests="1" failures="0" timestamp="27 Nov 2020 14:00:02 GMT" time="14.001" errors="0">
  <testcase name="clickOnDepositsTest" time="14.001" classname="com.kotak.testcases.HomePageTest"/>
</testsuite> <!-- com.kotak.testcases.HomePageTest -->
