<?xml version="1.0" encoding="UTF-8"?>
<!-- Generated by org.testng.reporters.JUnitReportReporter -->
<testsuite hostname="LAPTOP-BOQFLOCE" name="com.kotak.testcases.HomePageTest" tests="1" failures="0" timestamp="28 Nov 2020 07:38:15 GMT" time="28.030" errors="0">
  <testcase name="clickOnDepositsTest" time="28.030" classname="com.kotak.testcases.HomePageTest"/>
</testsuite> <!-- com.kotak.testcases.HomePageTest -->
